[2014-10-17 18:37:52] production.ERROR: exception 'BadMethodCallException' with message 'Method [findUserByEmail] is not supported by Sentry or no User has been set on Sentry to access shortcut method.' in /Users/gnava/Sites/amigos/vendor/cartalyst/sentry/src/Cartalyst/Sentry/Sentry.php:731
Stack trace:
#0 /Users/gnava/Sites/amigos/bootstrap/compiled.php(3236): Cartalyst\Sentry\Sentry->__call('findUserByEmail', Array)
#1 /Users/gnava/Sites/amigos/bootstrap/compiled.php(3236): Cartalyst\Sentry\Sentry->findUserByEmail(NULL)
#2 /Users/gnava/Sites/amigos/app/controllers/InicioController.php(33): Illuminate\Support\Facades\Facade::__callStatic('findUserByEmail', Array)
#3 /Users/gnava/Sites/amigos/app/controllers/InicioController.php(33): Cartalyst\Sentry\Facades\Laravel\Sentry::findUserByEmail(NULL)
#4 [internal function]: InicioController->registro()
#5 /Users/gnava/Sites/amigos/vendor/laravel/framework/src/Illuminate/Routing/Controller.php(231): call_user_func_array(Array, Array)
#6 /Users/gnava/Sites/amigos/bootstrap/compiled.php(5776): Illuminate\Routing\Controller->callAction('registro', Array)
#7 /Users/gnava/Sites/amigos/bootstrap/compiled.php(5764): Illuminate\Routing\ControllerDispatcher->call(Object(InicioController), Object(Illuminate\Routing\Route), 'registro')
#8 /Users/gnava/Sites/amigos/bootstrap/compiled.php(4971): Illuminate\Routing\ControllerDispatcher->dispatch(Object(Illuminate\Routing\Route), Object(Illuminate\Http\Request), 'InicioControlle...', 'registro')
#9 [internal function]: Illuminate\Routing\Router->Illuminate\Routing\{closure}()
#10 /Users/gnava/Sites/amigos/bootstrap/compiled.php(5329): call_user_func_array(Object(Closure), Array)
#11 /Users/gnava/Sites/amigos/bootstrap/compiled.php(4996): Illuminate\Routing\Route->run(Object(Illuminate\Http\Request))
#12 /Users/gnava/Sites/amigos/bootstrap/compiled.php(4984): Illuminate\Routing\Router->dispatchToRoute(Object(Illuminate\Http\Request))
#13 /Users/gnava/Sites/amigos/bootstrap/compiled.php(715): Illuminate\Routing\Router->dispatch(Object(Illuminate\Http\Request))
#14 /Users/gnava/Sites/amigos/bootstrap/compiled.php(696): Illuminate\Foundation\Application->dispatch(Object(Illuminate\Http\Request))
#15 /Users/gnava/Sites/amigos/bootstrap/compiled.php(7744): Illuminate\Foundation\Application->handle(Object(Illuminate\Http\Request), 1, true)
#16 /Users/gnava/Sites/amigos/bootstrap/compiled.php(8351): Illuminate\Session\Middleware->handle(Object(Illuminate\Http\Request), 1, true)
#17 /Users/gnava/Sites/amigos/bootstrap/compiled.php(8298): Illuminate\Cookie\Queue->handle(Object(Illuminate\Http\Request), 1, true)
#18 /Users/gnava/Sites/amigos/bootstrap/compiled.php(10957): Illuminate\Cookie\Guard->handle(Object(Illuminate\Http\Request), 1, true)
#19 /Users/gnava/Sites/amigos/bootstrap/compiled.php(657): Stack\StackedHttpKernel->handle(Object(Illuminate\Http\Request))
#20 /Users/gnava/Sites/amigos/public/index.php(49): Illuminate\Foundation\Application->run()
#21 {main} [] []
[2014-10-17 18:38:07] production.ERROR: exception 'BadMethodCallException' with message 'Method [findUserByMail] is not supported by Sentry or no User has been set on Sentry to access shortcut method.' in /Users/gnava/Sites/amigos/vendor/cartalyst/sentry/src/Cartalyst/Sentry/Sentry.php:731
Stack trace:
#0 /Users/gnava/Sites/amigos/bootstrap/compiled.php(3236): Cartalyst\Sentry\Sentry->__call('findUserByMail', Array)
#1 /Users/gnava/Sites/amigos/bootstrap/compiled.php(3236): Cartalyst\Sentry\Sentry->findUserByMail(NULL)
#2 /Users/gnava/Sites/amigos/app/controllers/InicioController.php(33): Illuminate\Support\Facades\Facade::__callStatic('findUserByMail', Array)
#3 /Users/gnava/Sites/amigos/app/controllers/InicioController.php(33): Cartalyst\Sentry\Facades\Laravel\Sentry::findUserByMail(NULL)
#4 [internal function]: InicioController->registro()
#5 /Users/gnava/Sites/amigos/vendor/laravel/framework/src/Illuminate/Routing/Controller.php(231): call_user_func_array(Array, Array)
#6 /Users/gnava/Sites/amigos/bootstrap/compiled.php(5776): Illuminate\Routing\Controller->callAction('registro', Array)
#7 /Users/gnava/Sites/amigos/bootstrap/compiled.php(5764): Illuminate\Routing\ControllerDispatcher->call(Object(InicioController), Object(Illuminate\Routing\Route), 'registro')
#8 /Users/gnava/Sites/amigos/bootstrap/compiled.php(4971): Illuminate\Routing\ControllerDispatcher->dispatch(Object(Illuminate\Routing\Route), Object(Illuminate\Http\Request), 'InicioControlle...', 'registro')
#9 [internal function]: Illuminate\Routing\Router->Illuminate\Routing\{closure}()
#10 /Users/gnava/Sites/amigos/bootstrap/compiled.php(5329): call_user_func_array(Object(Closure), Array)
#11 /Users/gnava/Sites/amigos/bootstrap/compiled.php(4996): Illuminate\Routing\Route->run(Object(Illuminate\Http\Request))
#12 /Users/gnava/Sites/amigos/bootstrap/compiled.php(4984): Illuminate\Routing\Router->dispatchToRoute(Object(Illuminate\Http\Request))
#13 /Users/gnava/Sites/amigos/bootstrap/compiled.php(715): Illuminate\Routing\Router->dispatch(Object(Illuminate\Http\Request))
#14 /Users/gnava/Sites/amigos/bootstrap/compiled.php(696): Illuminate\Foundation\Application->dispatch(Object(Illuminate\Http\Request))
#15 /Users/gnava/Sites/amigos/bootstrap/compiled.php(7744): Illuminate\Foundation\Application->handle(Object(Illuminate\Http\Request), 1, true)
#16 /Users/gnava/Sites/amigos/bootstrap/compiled.php(8351): Illuminate\Session\Middleware->handle(Object(Illuminate\Http\Request), 1, true)
#17 /Users/gnava/Sites/amigos/bootstrap/compiled.php(8298): Illuminate\Cookie\Queue->handle(Object(Illuminate\Http\Request), 1, true)
#18 /Users/gnava/Sites/amigos/bootstrap/compiled.php(10957): Illuminate\Cookie\Guard->handle(Object(Illuminate\Http\Request), 1, true)
#19 /Users/gnava/Sites/amigos/bootstrap/compiled.php(657): Stack\StackedHttpKernel->handle(Object(Illuminate\Http\Request))
#20 /Users/gnava/Sites/amigos/public/index.php(49): Illuminate\Foundation\Application->run()
#21 {main} [] []
[2014-10-17 18:39:01] production.ERROR: exception 'Cartalyst\Sentry\Users\UserNotFoundException' with message 'A user was not found with the given credentials.' in /Users/gnava/Sites/amigos/vendor/cartalyst/sentry/src/Cartalyst/Sentry/Users/Eloquent/Provider.php:142
Stack trace:
#0 /Users/gnava/Sites/amigos/vendor/cartalyst/sentry/src/Cartalyst/Sentry/Sentry.php(596): Cartalyst\Sentry\Users\Eloquent\Provider->findByCredentials(Array)
#1 /Users/gnava/Sites/amigos/bootstrap/compiled.php(3236): Cartalyst\Sentry\Sentry->findUserByCredentials(Array)
#2 /Users/gnava/Sites/amigos/app/controllers/InicioController.php(35): Illuminate\Support\Facades\Facade::__callStatic('findUserByCrede...', Array)
#3 /Users/gnava/Sites/amigos/app/controllers/InicioController.php(35): Cartalyst\Sentry\Facades\Laravel\Sentry::findUserByCredentials(Array)
#4 [internal function]: InicioController->registro()
#5 /Users/gnava/Sites/amigos/vendor/laravel/framework/src/Illuminate/Routing/Controller.php(231): call_user_func_array(Array, Array)
#6 /Users/gnava/Sites/amigos/bootstrap/compiled.php(5776): Illuminate\Routing\Controller->callAction('registro', Array)
#7 /Users/gnava/Sites/amigos/bootstrap/compiled.php(5764): Illuminate\Routing\ControllerDispatcher->call(Object(InicioController), Object(Illuminate\Routing\Route), 'registro')
#8 /Users/gnava/Sites/amigos/bootstrap/compiled.php(4971): Illuminate\Routing\ControllerDispatcher->dispatch(Object(Illuminate\Routing\Route), Object(Illuminate\Http\Request), 'InicioControlle...', 'registro')
#9 [internal function]: Illuminate\Routing\Router->Illuminate\Routing\{closure}()
#10 /Users/gnava/Sites/amigos/bootstrap/compiled.php(5329): call_user_func_array(Object(Closure), Array)
#11 /Users/gnava/Sites/amigos/bootstrap/compiled.php(4996): Illuminate\Routing\Route->run(Object(Illuminate\Http\Request))
#12 /Users/gnava/Sites/amigos/bootstrap/compiled.php(4984): Illuminate\Routing\Router->dispatchToRoute(Object(Illuminate\Http\Request))
#13 /Users/gnava/Sites/amigos/bootstrap/compiled.php(715): Illuminate\Routing\Router->dispatch(Object(Illuminate\Http\Request))
#14 /Users/gnava/Sites/amigos/bootstrap/compiled.php(696): Illuminate\Foundation\Application->dispatch(Object(Illuminate\Http\Request))
#15 /Users/gnava/Sites/amigos/bootstrap/compiled.php(7744): Illuminate\Foundation\Application->handle(Object(Illuminate\Http\Request), 1, true)
#16 /Users/gnava/Sites/amigos/bootstrap/compiled.php(8351): Illuminate\Session\Middleware->handle(Object(Illuminate\Http\Request), 1, true)
#17 /Users/gnava/Sites/amigos/bootstrap/compiled.php(8298): Illuminate\Cookie\Queue->handle(Object(Illuminate\Http\Request), 1, true)
#18 /Users/gnava/Sites/amigos/bootstrap/compiled.php(10957): Illuminate\Cookie\Guard->handle(Object(Illuminate\Http\Request), 1, true)
#19 /Users/gnava/Sites/amigos/bootstrap/compiled.php(657): Stack\StackedHttpKernel->handle(Object(Illuminate\Http\Request))
#20 /Users/gnava/Sites/amigos/public/index.php(49): Illuminate\Foundation\Application->run()
#21 {main} [] []
[2014-10-17 19:02:27] production.ERROR: exception 'Symfony\Component\Debug\Exception\FatalErrorException' with message 'syntax error, unexpected 'fin' (T_STRING)' in /Users/gnava/Sites/amigos/app/controllers/InicioController.php:68
Stack trace:
#0 [internal function]: Illuminate\Exception\Handler->handleShutdown()
#1 {main} [] []
[2014-10-17 19:08:01] production.ERROR: exception 'Symfony\Component\Debug\Exception\FatalErrorException' with message 'syntax error, unexpected 'email' (T_STRING)' in /Users/gnava/Sites/amigos/app/controllers/InicioController.php:38
Stack trace:
#0 [internal function]: Illuminate\Exception\Handler->handleShutdown()
#1 {main} [] []
[2014-10-17 19:12:18] production.ERROR: exception 'Symfony\Component\HttpKernel\Exception\NotFoundHttpException' in /Users/gnava/Sites/amigos/bootstrap/compiled.php:5680
Stack trace:
#0 /Users/gnava/Sites/amigos/bootstrap/compiled.php(5004): Illuminate\Routing\RouteCollection->match(Object(Illuminate\Http\Request))
#1 /Users/gnava/Sites/amigos/bootstrap/compiled.php(4992): Illuminate\Routing\Router->findRoute(Object(Illuminate\Http\Request))
#2 /Users/gnava/Sites/amigos/bootstrap/compiled.php(4984): Illuminate\Routing\Router->dispatchToRoute(Object(Illuminate\Http\Request))
#3 /Users/gnava/Sites/amigos/bootstrap/compiled.php(715): Illuminate\Routing\Router->dispatch(Object(Illuminate\Http\Request))
#4 /Users/gnava/Sites/amigos/bootstrap/compiled.php(696): Illuminate\Foundation\Application->dispatch(Object(Illuminate\Http\Request))
#5 /Users/gnava/Sites/amigos/bootstrap/compiled.php(7744): Illuminate\Foundation\Application->handle(Object(Illuminate\Http\Request), 1, true)
#6 /Users/gnava/Sites/amigos/bootstrap/compiled.php(8351): Illuminate\Session\Middleware->handle(Object(Illuminate\Http\Request), 1, true)
#7 /Users/gnava/Sites/amigos/bootstrap/compiled.php(8298): Illuminate\Cookie\Queue->handle(Object(Illuminate\Http\Request), 1, true)
#8 /Users/gnava/Sites/amigos/bootstrap/compiled.php(10957): Illuminate\Cookie\Guard->handle(Object(Illuminate\Http\Request), 1, true)
#9 /Users/gnava/Sites/amigos/bootstrap/compiled.php(657): Stack\StackedHttpKernel->handle(Object(Illuminate\Http\Request))
#10 /Users/gnava/Sites/amigos/public/index.php(49): Illuminate\Foundation\Application->run()
#11 {main} [] []
